app/build/intermediates/manifest_merge_blame_file/debug/manifest-merger-blame-debug-report.txt
1<?xml version="1.0" encoding="utf-8"?>
2<manifest xmlns:android="http://schemas.android.com/apk/res/android"
3    package="com.example.uv_eats"
4    android:versionCode="1"
5    android:versionName="1.0" >
6
7    <uses-sdk
8        android:minSdkVersion="22"
8-->src\main\AndroidManifest.xml
9        android:targetSdkVersion="32" />
9-->src\main\AndroidManifest.xml
10
11    <uses-permission android:name="android.permission.INTERNET" />
11-->src\main\AndroidManifest.xml:5:5-67
11-->src\main\AndroidManifest.xml:5:22-64
12
13    <application
13-->src\main\AndroidManifest.xml:7:5-124:19
14        android:allowBackup="true"
14-->src\main\AndroidManifest.xml:8:9-35
15        android:appComponentFactory="androidx.core.app.CoreComponentFactory"
15-->[androidx.core:core:1.8.0] AndroidManifest.xml:24:18-86
16        android:dataExtractionRules="@xml/data_extraction_rules"
16-->src\main\AndroidManifest.xml:9:9-65
17        android:debuggable="true"
18        android:fullBackupContent="@xml/backup_rules"
18-->src\main\AndroidManifest.xml:10:9-54
19        android:icon="@mipmap/ic_launcher"
19-->src\main\AndroidManifest.xml:11:9-43
20        android:label="@string/app_name"
20-->src\main\AndroidManifest.xml:12:9-41
21        android:roundIcon="@mipmap/ic_launcher_round"
21-->src\main\AndroidManifest.xml:13:9-54
22        android:supportsRtl="true"
22-->src\main\AndroidManifest.xml:14:9-35
23        android:theme="@style/Theme.Uv_Eats" >
23-->src\main\AndroidManifest.xml:15:9-45
24        <activity
24-->src\main\AndroidManifest.xml:17:9-23:20
25            android:name="com.example.uv_eats.Activity.UserOptions"
25-->src\main\AndroidManifest.xml:18:13-49
26            android:exported="false" >
26-->src\main\AndroidManifest.xml:19:13-37
27            <meta-data
27-->src\main\AndroidManifest.xml:20:13-22:36
28                android:name="android.app.lib_name"
28-->src\main\AndroidManifest.xml:21:17-52
29                android:value="" />
29-->src\main\AndroidManifest.xml:22:17-33
30        </activity>
31        <activity
31-->src\main\AndroidManifest.xml:24:9-30:20
32            android:name="com.example.uv_eats.Activity.ConsultOrders"
32-->src\main\AndroidManifest.xml:25:13-51
33            android:exported="false" >
33-->src\main\AndroidManifest.xml:26:13-37
34            <meta-data
34-->src\main\AndroidManifest.xml:20:13-22:36
35                android:name="android.app.lib_name"
35-->src\main\AndroidManifest.xml:21:17-52
36                android:value="" />
36-->src\main\AndroidManifest.xml:22:17-33
37        </activity>
38        <activity
38-->src\main\AndroidManifest.xml:31:9-37:20
39            android:name="com.example.uv_eats.Activity.ConsultCategories"
39-->src\main\AndroidManifest.xml:32:13-55
40            android:exported="false" >
40-->src\main\AndroidManifest.xml:33:13-37
41            <meta-data
41-->src\main\AndroidManifest.xml:20:13-22:36
42                android:name="android.app.lib_name"
42-->src\main\AndroidManifest.xml:21:17-52
43                android:value="" />
43-->src\main\AndroidManifest.xml:22:17-33
44        </activity>
45        <activity
45-->src\main\AndroidManifest.xml:38:9-44:20
46            android:name="com.example.uv_eats.Activity.ConsultProducts"
46-->src\main\AndroidManifest.xml:39:13-53
47            android:exported="false" >
47-->src\main\AndroidManifest.xml:40:13-37
48            <meta-data
48-->src\main\AndroidManifest.xml:20:13-22:36
49                android:name="android.app.lib_name"
49-->src\main\AndroidManifest.xml:21:17-52
50                android:value="" />
50-->src\main\AndroidManifest.xml:22:17-33
51        </activity>
52        <activity
52-->src\main\AndroidManifest.xml:45:9-51:20
53            android:name="com.example.uv_eats.Activity.ConsultMenus"
53-->src\main\AndroidManifest.xml:46:13-50
54            android:exported="false" >
54-->src\main\AndroidManifest.xml:47:13-37
55            <meta-data
55-->src\main\AndroidManifest.xml:20:13-22:36
56                android:name="android.app.lib_name"
56-->src\main\AndroidManifest.xml:21:17-52
57                android:value="" />
57-->src\main\AndroidManifest.xml:22:17-33
58        </activity>
59        <activity
59-->src\main\AndroidManifest.xml:52:9-58:20
60            android:name="com.example.uv_eats.Activity.FavoriteProducts"
60-->src\main\AndroidManifest.xml:53:13-54
61            android:exported="false" >
61-->src\main\AndroidManifest.xml:54:13-37
62            <meta-data
62-->src\main\AndroidManifest.xml:20:13-22:36
63                android:name="android.app.lib_name"
63-->src\main\AndroidManifest.xml:21:17-52
64                android:value="" />
64-->src\main\AndroidManifest.xml:22:17-33
65        </activity>
66        <activity
66-->src\main\AndroidManifest.xml:59:9-65:20
67            android:name="com.example.uv_eats.Activity.ProceedPurchase"
67-->src\main\AndroidManifest.xml:60:13-53
68            android:exported="false" >
68-->src\main\AndroidManifest.xml:61:13-37
69            <meta-data
69-->src\main\AndroidManifest.xml:20:13-22:36
70                android:name="android.app.lib_name"
70-->src\main\AndroidManifest.xml:21:17-52
71                android:value="" />
71-->src\main\AndroidManifest.xml:22:17-33
72        </activity>
73        <activity
73-->src\main\AndroidManifest.xml:66:9-72:20
74            android:name="com.example.uv_eats.Activity.CategoryEdit"
74-->src\main\AndroidManifest.xml:67:13-50
75            android:exported="false" >
75-->src\main\AndroidManifest.xml:68:13-37
76            <meta-data
76-->src\main\AndroidManifest.xml:20:13-22:36
77                android:name="android.app.lib_name"
77-->src\main\AndroidManifest.xml:21:17-52
78                android:value="" />
78-->src\main\AndroidManifest.xml:22:17-33
79        </activity>
80        <activity
80-->src\main\AndroidManifest.xml:73:9-79:20
81            android:name="com.example.uv_eats.Activity.ProductEdit"
81-->src\main\AndroidManifest.xml:74:13-49
82            android:exported="false" >
82-->src\main\AndroidManifest.xml:75:13-37
83            <meta-data
83-->src\main\AndroidManifest.xml:20:13-22:36
84                android:name="android.app.lib_name"
84-->src\main\AndroidManifest.xml:21:17-52
85                android:value="" />
85-->src\main\AndroidManifest.xml:22:17-33
86        </activity>
87        <activity
87-->src\main\AndroidManifest.xml:80:9-86:20
88            android:name="com.example.uv_eats.Activity.ProductRegister"
88-->src\main\AndroidManifest.xml:81:13-53
89            android:exported="false" >
89-->src\main\AndroidManifest.xml:82:13-37
90            <meta-data
90-->src\main\AndroidManifest.xml:20:13-22:36
91                android:name="android.app.lib_name"
91-->src\main\AndroidManifest.xml:21:17-52
92                android:value="" />
92-->src\main\AndroidManifest.xml:22:17-33
93        </activity>
94        <activity
94-->src\main\AndroidManifest.xml:87:9-93:20
95            android:name="com.example.uv_eats.Activity.CategoryRegister"
95-->src\main\AndroidManifest.xml:88:13-54
96            android:exported="false" >
96-->src\main\AndroidManifest.xml:89:13-37
97            <meta-data
97-->src\main\AndroidManifest.xml:20:13-22:36
98                android:name="android.app.lib_name"
98-->src\main\AndroidManifest.xml:21:17-52
99                android:value="" />
99-->src\main\AndroidManifest.xml:22:17-33
100        </activity>
101        <activity
101-->src\main\AndroidManifest.xml:94:9-100:20
102            android:name="com.example.uv_eats.Activity.EmployeeOptions"
102-->src\main\AndroidManifest.xml:95:13-53
103            android:exported="false" >
103-->src\main\AndroidManifest.xml:96:13-37
104            <meta-data
104-->src\main\AndroidManifest.xml:20:13-22:36
105                android:name="android.app.lib_name"
105-->src\main\AndroidManifest.xml:21:17-52
106                android:value="" />
106-->src\main\AndroidManifest.xml:22:17-33
107        </activity>
108        <activity
108-->src\main\AndroidManifest.xml:101:9-107:20
109            android:name="com.example.uv_eats.Activity.SignIn"
109-->src\main\AndroidManifest.xml:102:13-44
110            android:exported="false" >
110-->src\main\AndroidManifest.xml:103:13-37
111            <meta-data
111-->src\main\AndroidManifest.xml:20:13-22:36
112                android:name="android.app.lib_name"
112-->src\main\AndroidManifest.xml:21:17-52
113                android:value="" />
113-->src\main\AndroidManifest.xml:22:17-33
114        </activity>
115        <activity
115-->src\main\AndroidManifest.xml:108:9-114:20
116            android:name="com.example.uv_eats.Activity.PrincipalTabMenuActivity"
116-->src\main\AndroidManifest.xml:109:13-62
117            android:exported="false" >
117-->src\main\AndroidManifest.xml:110:13-37
118            <meta-data
118-->src\main\AndroidManifest.xml:20:13-22:36
119                android:name="android.app.lib_name"
119-->src\main\AndroidManifest.xml:21:17-52
120                android:value="" />
120-->src\main\AndroidManifest.xml:22:17-33
121        </activity>
122        <activity
122-->src\main\AndroidManifest.xml:115:9-123:20
123            android:name="com.example.uv_eats.Activity.MainActivity"
123-->src\main\AndroidManifest.xml:116:13-50
124            android:exported="true" >
124-->src\main\AndroidManifest.xml:117:13-36
125            <intent-filter>
125-->src\main\AndroidManifest.xml:118:13-122:29
126                <action android:name="android.intent.action.MAIN" />
126-->src\main\AndroidManifest.xml:119:17-69
126-->src\main\AndroidManifest.xml:119:25-66
127
128                <category android:name="android.intent.category.LAUNCHER" />
128-->src\main\AndroidManifest.xml:121:17-77
128-->src\main\AndroidManifest.xml:121:27-74
129            </intent-filter>
130        </activity>
131
132        <provider
132-->[androidx.emoji2:emoji2:1.2.0] AndroidManifest.xml:24:9-32:20
133            android:name="androidx.startup.InitializationProvider"
133-->[androidx.emoji2:emoji2:1.2.0] AndroidManifest.xml:25:13-67
134            android:authorities="com.example.uv_eats.androidx-startup"
134-->[androidx.emoji2:emoji2:1.2.0] AndroidManifest.xml:26:13-68
135            android:exported="false" >
135-->[androidx.emoji2:emoji2:1.2.0] AndroidManifest.xml:27:13-37
136            <meta-data
136-->[androidx.emoji2:emoji2:1.2.0] AndroidManifest.xml:29:13-31:52
137                android:name="androidx.emoji2.text.EmojiCompatInitializer"
137-->[androidx.emoji2:emoji2:1.2.0] AndroidManifest.xml:30:17-75
138                android:value="androidx.startup" />
138-->[androidx.emoji2:emoji2:1.2.0] AndroidManifest.xml:31:17-49
139            <meta-data
139-->[androidx.lifecycle:lifecycle-process:2.4.1] AndroidManifest.xml:31:13-33:52
140                android:name="androidx.lifecycle.ProcessLifecycleInitializer"
140-->[androidx.lifecycle:lifecycle-process:2.4.1] AndroidManifest.xml:32:17-78
141                android:value="androidx.startup" />
141-->[androidx.lifecycle:lifecycle-process:2.4.1] AndroidManifest.xml:33:17-49
142        </provider>
143    </application>
144
145</manifest>